<?xml version="1.0" encoding="UTF-8"?>
<testsuite xmlns:xsi="http://www.w3.org/2001/XMLSchema-instance" xsi:noNamespaceSchemaLocation="https://maven.apache.org/surefire/maven-surefire-plugin/xsd/surefire-test-report-3.0.xsd" version="3.0" name="org.springframework.samples.petclinic.MySqlIntegrationTests" time="49.808" tests="2" errors="0" skipped="0" failures="0">
  <properties>
[...]
</properties>
  <testcase name="testFindAll" classname="org.springframework.samples.petclinic.MySqlIntegrationTests" time="0.958">
    <system-out><![CDATA[11:06:19.846 [main] INFO org.testcontainers.dockerclient.DockerClientProviderStrategy -- Loaded org.testcontainers.dockerclient.NpipeSocketClientProviderStrategy from ~/.testcontainers.properties, will try it first
11:06:20.619 [main] INFO org.testcontainers.dockerclient.DockerClientProviderStrategy -- Found Docker environment with local Npipe socket (npipe:////./pipe/docker_engine)
11:06:20.624 [main] INFO org.testcontainers.DockerClientFactory -- Docker host IP address is localhost
11:06:20.658 [main] INFO org.testcontainers.DockerClientFactory -- Connected to docker: 
  Server Version: 24.0.6
  API Version: 1.43
  Operating System: Docker Desktop
  Total Memory: 7607 MB
11:06:20.686 [main] INFO org.testcontainers.images.PullPolicy -- Image pull policy will be performed by: DefaultPullPolicy()
11:06:20.688 [main] INFO org.testcontainers.utility.ImageNameSubstitutor -- Image name substitution will be performed by: DefaultImageNameSubstitutor (composite of 'ConfigurationFileImageNameSubstitutor' and 'PrefixingImageNameSubstitutor')
11:06:20.742 [main] INFO tc.testcontainers/ryuk:0.5.1 -- Creating container for image: testcontainers/ryuk:0.5.1
11:06:21.154 [main] INFO tc.testcontainers/ryuk:0.5.1 -- Container testcontainers/ryuk:0.5.1 is starting: b35d6f2e1122e96fa1d9a6cc5864ff2f4e87aae3c870b1f43eb1308d2331c4af
11:06:21.902 [main] INFO tc.testcontainers/ryuk:0.5.1 -- Container testcontainers/ryuk:0.5.1 started in PT1.1592289S
11:06:21.911 [main] INFO org.testcontainers.utility.RyukResourceReaper -- Ryuk started - will monitor and terminate Testcontainers containers on JVM exit
11:06:21.912 [main] INFO org.testcontainers.DockerClientFactory -- Checking the system...
11:06:21.913 [main] INFO org.testcontainers.DockerClientFactory -- ?? Docker server version should be at least 1.6.0
11:06:22.227 [main] INFO org.springframework.test.context.support.AnnotationConfigContextLoaderUtils -- Could not detect default configuration classes for test class [org.springframework.samples.petclinic.MySqlIntegrationTests]: MySqlIntegrationTests does not declare any static, non-private, non-final, nested classes annotated with @Configuration.
11:06:22.517 [main] INFO org.springframework.boot.test.context.SpringBootTestContextBootstrapper -- Found @SpringBootConfiguration org.springframework.samples.petclinic.PetClinicApplication for test class org.springframework.samples.petclinic.MySqlIntegrationTests
11:06:22.719 [main] INFO tc.mysql:8.2 -- Creating container for image: mysql:8.2
11:06:22.870 [main] INFO tc.mysql:8.2 -- Container mysql:8.2 is starting: b9cf9e2d4ee31bb6cf325ba58f910580b9aafb654ea1543bd2de3e30d77bc989
11:06:23.334 [main] INFO tc.mysql:8.2 -- Waiting for database connection to become available at jdbc:mysql://localhost:60403/test using query 'SELECT 1'
11:06:38.628 [main] INFO tc.mysql:8.2 -- Container mysql:8.2 started in PT15.9090922S
11:06:38.629 [main] INFO tc.mysql:8.2 -- Container is started (JDBC URL: jdbc:mysql://localhost:60403/test)
11:06:38.791 [main] INFO org.springframework.boot.devtools.restart.RestartApplicationListener -- Restart disabled due to context in which it is running


              |\      _,,,--,,_
             /,`.-'`'   ._  \-;;,_
  _______ __|,4-  ) )_   .;.(__`'-'__     ___ __    _ ___ _______
 |       | '---''(_/._)-'(_\_)   |   |   |   |  |  | |   |       |
 |    _  |    ___|_     _|       |   |   |   |   |_| |   |       | __ _ _
 |   |_| |   |___  |   | |       |   |   |   |       |   |       | \ \ \ \
 |    ___|    ___| |   | |      _|   |___|   |  _    |   |      _|  \ \ \ \
 |   |   |   |___  |   | |     |_|       |   | | |   |   |     |_    ) ) ) )
 |___|   |_______| |___| |_______|_______|___|_|  |__|___|_______|  / / / /
 ==================================================================/_/_/_/

:: Built with Spring Boot :: 3.2.0


2023-12-13T11:06:39.470+01:00  INFO 1152 --- [           main] o.s.s.petclinic.MySqlIntegrationTests    : Starting MySqlIntegrationTests using Java 17.0.9 with PID 1152 (started by Can in C:\Users\Can\Desktop\spring-petclinic-1)
2023-12-13T11:06:39.473+01:00  INFO 1152 --- [           main] o.s.s.petclinic.MySqlIntegrationTests    : The following 1 profile is active: "mysql"
2023-12-13T11:06:41.331+01:00  INFO 1152 --- [           main] .s.d.r.c.RepositoryConfigurationDelegate : Bootstrapping Spring Data JPA repositories in DEFAULT mode.
2023-12-13T11:06:41.465+01:00  INFO 1152 --- [           main] .s.d.r.c.RepositoryConfigurationDelegate : Finished Spring Data repository scanning in 107 ms. Found 2 JPA repository interfaces.
2023-12-13T11:06:43.318+01:00  INFO 1152 --- [           main] o.s.b.w.embedded.tomcat.TomcatWebServer  : Tomcat initialized with port 0 (http)
2023-12-13T11:06:43.339+01:00  INFO 1152 --- [           main] o.apache.catalina.core.StandardService   : Starting service [Tomcat]
2023-12-13T11:06:43.339+01:00  INFO 1152 --- [           main] o.apache.catalina.core.StandardEngine    : Starting Servlet engine: [Apache Tomcat/10.1.16]
2023-12-13T11:06:43.461+01:00  INFO 1152 --- [           main] o.a.c.c.C.[Tomcat].[localhost].[/]       : Initializing Spring embedded WebApplicationContext
2023-12-13T11:06:43.462+01:00  INFO 1152 --- [           main] w.s.c.ServletWebServerApplicationContext : Root WebApplicationContext: initialization completed in 3925 ms
2023-12-13T11:06:44.050+01:00  INFO 1152 --- [           main] com.zaxxer.hikari.HikariDataSource       : HikariPool-1 - Starting...
2023-12-13T11:06:44.424+01:00  INFO 1152 --- [           main] com.zaxxer.hikari.pool.HikariPool        : HikariPool-1 - Added connection com.mysql.cj.jdbc.ConnectionImpl@5c282bc
2023-12-13T11:06:44.430+01:00  INFO 1152 --- [           main] com.zaxxer.hikari.HikariDataSource       : HikariPool-1 - Start completed.
2023-12-13T11:06:45.595+01:00  INFO 1152 --- [           main] o.hibernate.jpa.internal.util.LogHelper  : HHH000204: Processing PersistenceUnitInfo [name: default]
2023-12-13T11:06:45.765+01:00  INFO 1152 --- [           main] org.hibernate.Version                    : HHH000412: Hibernate ORM core version 6.3.1.Final
2023-12-13T11:06:45.844+01:00  INFO 1152 --- [           main] o.h.c.internal.RegionFactoryInitiator    : HHH000026: Second-level cache disabled
2023-12-13T11:06:46.329+01:00  INFO 1152 --- [           main] o.s.o.j.p.SpringPersistenceUnitInfo      : No LoadTimeWeaver setup: ignoring JPA class transformer
2023-12-13T11:06:48.543+01:00  INFO 1152 --- [           main] o.h.e.t.j.p.i.JtaPlatformInitiator       : HHH000489: No JTA platform available (set 'hibernate.transaction.jta.platform' to enable JTA platform integration)
2023-12-13T11:06:48.543+01:00  INFO 1152 --- [           main] j.LocalContainerEntityManagerFactoryBean : Initialized JPA EntityManagerFactory for persistence unit 'default'
2023-12-13T11:06:48.588+01:00  INFO 1152 --- [           main] tc.mysql:8.2                             : Creating container for image: mysql:8.2
2023-12-13T11:06:48.723+01:00  INFO 1152 --- [           main] tc.mysql:8.2                             : Container mysql:8.2 is starting: 78cc96e76adacbd8532dc1a8be8a220bb7059a1f50fd1309a650db3f27716a3e
2023-12-13T11:06:49.238+01:00  INFO 1152 --- [           main] tc.mysql:8.2                             : Waiting for database connection to become available at jdbc:mysql://localhost:60542/test using query 'SELECT 1'
2023-12-13T11:07:05.168+01:00  INFO 1152 --- [           main] tc.mysql:8.2                             : Container mysql:8.2 started in PT16.5792918S
2023-12-13T11:07:05.168+01:00  INFO 1152 --- [           main] tc.mysql:8.2                             : Container is started (JDBC URL: jdbc:mysql://localhost:60542/test)
2023-12-13T11:07:05.855+01:00  INFO 1152 --- [           main] o.s.d.j.r.query.QueryEnhancerFactory     : Hibernate is in classpath; If applicable, HQL parser will be used.
2023-12-13T11:07:08.942+01:00  INFO 1152 --- [           main] o.s.b.a.e.web.EndpointLinksResolver      : Exposing 13 endpoint(s) beneath base path '/actuator'
2023-12-13T11:07:09.180+01:00  INFO 1152 --- [           main] o.s.b.w.embedded.tomcat.TomcatWebServer  : Tomcat started on port 60686 (http) with context path ''
2023-12-13T11:07:09.198+01:00  INFO 1152 --- [           main] o.s.s.petclinic.MySqlIntegrationTests    : Started MySqlIntegrationTests in 30.462 seconds (process running for 53.377)
]]></system-out>
  </testcase>
  <testcase name="testOwnerDetails" classname="org.springframework.samples.petclinic.MySqlIntegrationTests" time="1.037">
    <system-out><![CDATA[2023-12-13T11:07:10.397+01:00  INFO 1152 --- [o-auto-1-exec-1] o.a.c.c.C.[Tomcat].[localhost].[/]       : Initializing Spring DispatcherServlet 'dispatcherServlet'
2023-12-13T11:07:10.397+01:00  INFO 1152 --- [o-auto-1-exec-1] o.s.web.servlet.DispatcherServlet        : Initializing Servlet 'dispatcherServlet'
2023-12-13T11:07:10.397+01:00  INFO 1152 --- [o-auto-1-exec-1] o.s.web.servlet.DispatcherServlet        : Completed initialization in 0 ms
]]></system-out>
  </testcase>
</testsuite>